-------------------------------------------------------------------------------
Test set: dev.edwin.servicetests.mockito.ExpenseCategoryServiceTest
-------------------------------------------------------------------------------
Tests run: 1, Failures: 0, Errors: 1, Skipped: 0, Time elapsed: 0.178 s <<< FAILURE! - in dev.edwin.servicetests.mockito.ExpenseCategoryServiceTest
dev.edwin.servicetests.mockito.ExpenseCategoryServiceTest.getExpenseCategoryByTitle  Time elapsed: 0.176 s  <<< ERROR!
java.lang.NullPointerException
	at dev.edwin.servicetests.mockito.ExpenseCategoryServiceTest.getExpenseCategoryByTitle(ExpenseCategoryServiceTest.java:46)

