-------------------------------------------------------------------------------
Test set: dev.edwin.servicetests.mockito.ReimbursementServiceTest
-------------------------------------------------------------------------------
Tests run: 10, Failures: 1, Errors: 0, Skipped: 0, Time elapsed: 1.725 s <<< FAILURE! - in dev.edwin.servicetests.mockito.ReimbursementServiceTest
dev.edwin.servicetests.mockito.ReimbursementServiceTest.getReimbursementByEmployee  Time elapsed: 0.179 s  <<< FAILURE!
org.opentest4j.AssertionFailedError: expected: not equal but was: <0>
	at dev.edwin.servicetests.mockito.ReimbursementServiceTest.getReimbursementByEmployee(ReimbursementServiceTest.java:57)

