<?xml version="1.0" encoding="UTF-8"?>
<testsuite xmlns:xsi="http://www.w3.org/2001/XMLSchema-instance" xsi:noNamespaceSchemaLocation="https://maven.apache.org/surefire/maven-surefire-plugin/xsd/surefire-test-report-3.0.xsd" version="3.0" name="dev.edwin.servicetests.EmployeeServiceTest" time="1.938" tests="10" errors="0" skipped="0" failures="0">
  <properties>
[...]
</properties>
  <testcase name="createEmployee" classname="dev.edwin.servicetests.EmployeeServiceTest" time="0.162"/>
  <testcase name="getEmployeeById" classname="dev.edwin.servicetests.EmployeeServiceTest" time="0.156"/>
  <testcase name="getEmployeeByEmail" classname="dev.edwin.servicetests.EmployeeServiceTest" time="0.16"/>
  <testcase name="getEmployeeByName" classname="dev.edwin.servicetests.EmployeeServiceTest" time="0.168"/>
  <testcase name="getAllEmployees" classname="dev.edwin.servicetests.EmployeeServiceTest" time="0.155"/>
  <testcase name="getAllEmployeesNameAtoZ" classname="dev.edwin.servicetests.EmployeeServiceTest" time="0.161"/>
  <testcase name="getAllEmployeesNameZtoA" classname="dev.edwin.servicetests.EmployeeServiceTest" time="0.164"/>
  <testcase name="updateEmployee" classname="dev.edwin.servicetests.EmployeeServiceTest" time="0.313"/>
  <testcase name="deleteEmployee" classname="dev.edwin.servicetests.EmployeeServiceTest" time="0.333"/>
  <testcase name="getEmployeesByManager" classname="dev.edwin.servicetests.EmployeeServiceTest" time="0.158">
    <system-out><![CDATA[[Employee{eid=10, email='Collection.Set.Hashset@java.com', password='10101010101', name='Collection.Set.Hashset', image_url='https://robohash.org/collectionsethashset', manager=1}, Employee{eid=11, email='Collection.Set.LinkedHashSet@java.com', password='10101010101', name='Collection.Set.LinkedHashSet', image_url='https://robohash.org/Collection.Set.LinkedHashSet', manager=1}, Employee{eid=15, email='Collection.Set.SortedSet@java.com', password='10101010101', name='Collection.Set.SortedSet', image_url='https://robohash.org/Collection.Set.SortedSet', manager=1}, Employee{eid=16, email='Collection.Set.TreeSet@java.com', password='10101010101', name='Collection.Set.TreeSet', image_url='https://robohash.org/Collection.Set.TreeSet', manager=1}]
]]></system-out>
  </testcase>
</testsuite>